<?xml version="1.0" encoding="UTF-8"?>
<!-- Generated by org.testng.reporters.JUnitXMLReporter -->
<testsuite hostname="DESKTOP-H96EUS9" name="Default test" tests="32" failures="0" timestamp="6 Jan 2020 02:18:36 GMT" time="16.801" errors="0">
  <testcase name="validateLogInPageTitle" time="0.039" classname="com.saucedemo.testobjects.AllFunctionalityTest"/>
  <testcase name="validateLockedUser" time="0.89" classname="com.saucedemo.testobjects.AllFunctionalityTest"/>
  <testcase name="validateProblemUser" time="1.549" classname="com.saucedemo.testobjects.AllFunctionalityTest"/>
  <testcase name="validatestandardUser" time="5.976" classname="com.saucedemo.testobjects.AllFunctionalityTest"/>
  <testcase name="validateProduct" time="0.344" classname="com.saucedemo.testobjects.AllFunctionalityTest"/>
  <testcase name="validateAddToCart" time="1.36" classname="com.saucedemo.testobjects.AllFunctionalityTest"/>
  <testcase name="validateAddToCartAndCheckout" time="2.383" classname="com.saucedemo.testobjects.AllFunctionalityTest"/>
  <testcase name="validateCartTitle" time="0.13" classname="com.saucedemo.testobjects.AllFunctionalityTest"/>
  <testcase name="checkCartList" time="0.058" classname="com.saucedemo.testobjects.AllFunctionalityTest"/>
  <testcase name="checkOutShop" time="0.48" classname="com.saucedemo.testobjects.AllFunctionalityTest"/>
  <testcase name="isFnameEntered" time="0.811" classname="com.saucedemo.testobjects.AllFunctionalityTest"/>
  <testcase name="isLnameEntered" time="0.074" classname="com.saucedemo.testobjects.AllFunctionalityTest"/>
  <testcase name="isZipCodeeEntered" time="0.049" classname="com.saucedemo.testobjects.AllFunctionalityTest"/>
  <testcase name="isZipcodeValid" time="0.069" classname="com.saucedemo.testobjects.AllFunctionalityTest"/>
  <testcase name="validateEnterCheckOutDetails" time="0.426" classname="com.saucedemo.testobjects.AllFunctionalityTest"/>
  <testcase name="isPayInfoLabelPresent" time="0.082" classname="com.saucedemo.testobjects.AllFunctionalityTest"/>
  <testcase name="isPayInfoValuePresent" time="0.069" classname="com.saucedemo.testobjects.AllFunctionalityTest"/>
  <testcase name="isShipInformaitonLablePresent" time="0.085" classname="com.saucedemo.testobjects.AllFunctionalityTest"/>
  <testcase name="isShipInformaitonValuePresent" time="0.064" classname="com.saucedemo.testobjects.AllFunctionalityTest"/>
  <testcase name="isItemTotalPresent" time="0.064" classname="com.saucedemo.testobjects.AllFunctionalityTest"/>
  <testcase name="isTaxPresent" time="0.087" classname="com.saucedemo.testobjects.AllFunctionalityTest"/>
  <testcase name="isTotalPresent" time="0.087" classname="com.saucedemo.testobjects.AllFunctionalityTest"/>
  <testcase name="validatePayInfoLabel" time="0.047" classname="com.saucedemo.testobjects.AllFunctionalityTest"/>
  <testcase name="validatePayValue" time="0.047" classname="com.saucedemo.testobjects.AllFunctionalityTest"/>
  <testcase name="validateShipInfoLabel" time="0.062" classname="com.saucedemo.testobjects.AllFunctionalityTest"/>
  <testcase name="validateShipInfoValue" time="0.047" classname="com.saucedemo.testobjects.AllFunctionalityTest"/>
  <testcase name="validateItemTotalPattern" time="0.047" classname="com.saucedemo.testobjects.AllFunctionalityTest"/>
  <testcase name="validateTaxPattern" time="0.063" classname="com.saucedemo.testobjects.AllFunctionalityTest"/>
  <testcase name="validateTotalPattern" time="0.046" classname="com.saucedemo.testobjects.AllFunctionalityTest"/>
  <testcase name="clickFinish" time="0.996" classname="com.saucedemo.testobjects.AllFunctionalityTest"/>
  <testcase name="validateCheckOutCompletePageTitle" time="0.064" classname="com.saucedemo.testobjects.AllFunctionalityTest"/>
  <testcase name="validateThankYouText" time="0.063" classname="com.saucedemo.testobjects.AllFunctionalityTest"/>
</testsuite> <!-- Default test -->
